#
# A fatal error has been detected by the Java Runtime Environment:
#
#  EXCEPTION_ACCESS_VIOLATION (0xc0000005) at pc=0x00007ffe51d58810, pid=3636, tid=7204
#
# JRE version: Java(TM) SE Runtime Environment (10.0.2+13) (build 10.0.2+13)
# Java VM: Java HotSpot(TM) 64-Bit Server VM (10.0.2+13, mixed mode, tiered, compressed oops, g1 gc, windows-amd64)
# Problematic frame:
# C  [mlib_image.dll+0x58810]
#
# No core dump will be written. Minidumps are not enabled by default on client versions of Windows
#
# If you would like to submit a bug report, please visit:
#   http://bugreport.java.com/bugreport/crash.jsp
# The crash happened outside the Java Virtual Machine in native code.
# See problematic frame for where to report the bug.
#

---------------  S U M M A R Y ------------

Command Line: -Dfile.encoding=Cp1252 RasterEngine

Host: Intel(R) Core(TM) i5-4200U CPU @ 1.60GHz, 4 cores, 3G,  Windows 10 , 64 bit Build 17134 (10.0.17134.1)
Time: Fri May 31 13:05:43 2019 Eastern Daylight Time elapsed time: 31 seconds (0d 0h 0m 31s)

---------------  T H R E A D  ---------------

Current thread (0x000002c82eb59000):  JavaThread "pool-2522-thread-1" [_thread_in_native, id=7204, stack(0x000000d8f9300000,0x000000d8f9400000)]

Stack: [0x000000d8f9300000,0x000000d8f9400000],  sp=0x000000d8f93fe650,  free space=1017k
Native frames: (J=compiled Java code, j=interpreted, Vv=VM code, C=native code)
C  [mlib_image.dll+0x58810]

Java frames: (J=compiled Java code, j=interpreted, Vv=VM code)
J 1636  sun.awt.image.ImagingLib.transformBI(Ljava/awt/image/BufferedImage;Ljava/awt/image/BufferedImage;[DI)I java.desktop@10.0.2 (0 bytes) @ 0x000002c820872b44 [0x000002c820872ac0+0x0000000000000084]
J 1467 c1 sun.awt.image.ImagingLib.filter(Ljava/awt/image/BufferedImageOp;Ljava/awt/image/BufferedImage;Ljava/awt/image/BufferedImage;)Ljava/awt/image/BufferedImage; java.desktop@10.0.2 (216 bytes) @ 0x000002c8194f8804 [0x000002c8194f7920+0x0000000000000ee4]
J 1475 c1 java.awt.image.AffineTransformOp.filter(Ljava/awt/image/BufferedImage;Ljava/awt/image/BufferedImage;)Ljava/awt/image/BufferedImage; java.desktop@10.0.2 (429 bytes) @ 0x000002c819502da4 [0x000002c819501d20+0x0000000000001084]
J 1819 c2 Renderer.drawTri(LTri;LTri;)V (444 bytes) @ 0x000002c8208b6850 [0x000002c8208b5c80+0x0000000000000bd0]
J 1692 c1 TriRender.run()V (47 bytes) @ 0x000002c8195cedc4 [0x000002c8195ceb80+0x0000000000000244]
J 1689 c1 java.util.concurrent.ThreadPoolExecutor.runWorker(Ljava/util/concurrent/ThreadPoolExecutor$Worker;)V java.base@10.0.2 (187 bytes) @ 0x000002c8195c9d34 [0x000002c8195c8f60+0x0000000000000dd4]
J 1635 c1 java.util.concurrent.ThreadPoolExecutor$Worker.run()V java.base@10.0.2 (9 bytes) @ 0x000002c81959a23c [0x000002c81959a1c0+0x000000000000007c]
J 1427 c1 java.lang.Thread.run()V java.base@10.0.2 (17 bytes) @ 0x000002c8194dba94 [0x000002c8194db960+0x0000000000000134]
v  ~StubRoutines::call_stub

siginfo: EXCEPTION_ACCESS_VIOLATION (0xc0000005), writing address 0x000000004b88a8f8


Register to memory mapping:

RIP=0x00007ffe51d58810 mlib_image.dll
RAX=0x0000000000000074 is an unknown value
RBX=0x0000000000000031 is an unknown value
RCX=0x0000000000000034 is an unknown value
RDX=0x00000000c26582f0 is pointing into object: 0x00000000c26582e0
[B 
{0x00000000c26582e0} - klass: {type array byte}
 - length: 270000
RSP=0x000000d8f93fe650 is pointing into the stack for thread: 0x000002c82eb59000
RBP=0x00000000cb88a8f5 is pointing into object: 0x00000000cb88a8e8
[B 
{0x00000000cb88a8e8} - klass: {type array byte}
 - length: 270000
RSI=0x0000000000000071 is an unknown value
RDI=0x000000000000004c is an unknown value
R8 =0x0000000000000076 is an unknown value
R9 =0x0000000000000051 is an unknown value
R10=0x0000000000000036 is an unknown value
R11=0x000000000000004f is an unknown value
R12=0x0000000000000000 is an unknown value
R13=0x0000000000000000 is an unknown value
R14=0x0000000000000000 is an unknown value
R15=0x000000004b88a8f8 is an unknown value


Registers:
RAX=0x0000000000000074, RBX=0x0000000000000031, RCX=0x0000000000000034, RDX=0x00000000c26582f0
RSP=0x000000d8f93fe650, RBP=0x00000000cb88a8f5, RSI=0x0000000000000071, RDI=0x000000000000004c
R8 =0x0000000000000076, R9 =0x0000000000000051, R10=0x0000000000000036, R11=0x000000000000004f
R12=0x0000000000000000, R13=0x0000000000000000, R14=0x0000000000000000, R15=0x000000004b88a8f8
RIP=0x00007ffe51d58810, EFLAGS=0x0000000000010246

Top of Stack: (sp=0x000000d8f93fe650)
0x000000d8f93fe650:   0000003000000070 0000004b00000000
0x000000d8f93fe660:   0000000000000000 0000000000000384
0x000000d8f93fe670:   000002c82ddd2f80 000002c82ddd3db0
0x000000d8f93fe680:   0000000000000000 0000000000000004
0x000000d8f93fe690:   0000000000000000 00000000000004b0
0x000000d8f93fe6a0:   00000000cb88a8f8 0000000000000960
0x000000d8f93fe6b0:   fffffffffffffb50 000000000000012b
0x000000d8f93fe6c0:   42f3ffffffffff95 0000000000000384
0x000000d8f93fe6d0:   00000000000003d8 0000000000000001
0x000000d8f93fe6e0:   0000000000000002 0000000000000000
0x000000d8f93fe6f0:   0000000000000003 0000000000000000
0x000000d8f93fe700:   0000000000000005 000000d8f93fe820
0x000000d8f93fe710:   0000000000000000 00007ffe51d011e2
0x000000d8f93fe720:   00000000000002dc 0000000000000036
0x000000d8f93fe730:   0000000000000051 0000000000000076
0x000000d8f93fe740:   000092ea00000258 00007ffe00000002 

Instructions: (pc=0x00007ffe51d58810)
0x00007ffe51d587f0:   74 16 02 44 03 6c 24 10 89 84 24 e8 00 00 00 0f
0x00007ffe51d58800:   b6 42 05 89 04 24 48 8b 44 24 18 0f b6 44 10 05
0x00007ffe51d58810:   45 88 17 45 88 4f 01 45 88 47 02 49 83 c7 03 4c
0x00007ffe51d58820:   3b fd 0f 82 78 fe ff ff 48 8b 6c 24 30 4c 8b 54 



---------------  P R O C E S S  ---------------

Threads class SMR info:
_java_thread_list=0x000002c82e9220b0, length=17, elements={
0x000002c811561000, 0x000002c82cf0b000, 0x000002c82cf1f000, 0x000002c82cf23000,
0x000002c82cf26000, 0x000002c82cf30000, 0x000002c82cf34000, 0x000002c82cf39000,
0x000002c82cf3e800, 0x000002c82d1f5800, 0x000002c82d1fe000, 0x000002c82d714000,
0x000002c82d741000, 0x000002c82d707000, 0x000002c82d7ab800, 0x000002c82daf6800,
0x000002c82eb59000
}

Java Threads: ( => current thread )
  0x000002c811561000 JavaThread "main" [_thread_blocked, id=8568, stack(0x000000d8f7400000,0x000000d8f7500000)]
  0x000002c82cf0b000 JavaThread "Reference Handler" daemon [_thread_blocked, id=9196, stack(0x000000d8f8100000,0x000000d8f8200000)]
  0x000002c82cf1f000 JavaThread "Finalizer" daemon [_thread_blocked, id=8548, stack(0x000000d8f8200000,0x000000d8f8300000)]
  0x000002c82cf23000 JavaThread "Signal Dispatcher" daemon [_thread_blocked, id=7104, stack(0x000000d8f8300000,0x000000d8f8400000)]
  0x000002c82cf26000 JavaThread "Attach Listener" daemon [_thread_blocked, id=8064, stack(0x000000d8f8400000,0x000000d8f8500000)]
  0x000002c82cf30000 JavaThread "C2 CompilerThread0" daemon [_thread_blocked, id=2468, stack(0x000000d8f8500000,0x000000d8f8600000)]
  0x000002c82cf34000 JavaThread "C2 CompilerThread1" daemon [_thread_blocked, id=2848, stack(0x000000d8f8600000,0x000000d8f8700000)]
  0x000002c82cf39000 JavaThread "C1 CompilerThread2" daemon [_thread_blocked, id=7336, stack(0x000000d8f8700000,0x000000d8f8800000)]
  0x000002c82cf3e800 JavaThread "Sweeper thread" daemon [_thread_blocked, id=8896, stack(0x000000d8f8800000,0x000000d8f8900000)]
  0x000002c82d1f5800 JavaThread "Service Thread" daemon [_thread_blocked, id=8620, stack(0x000000d8f8900000,0x000000d8f8a00000)]
  0x000002c82d1fe000 JavaThread "Common-Cleaner" daemon [_thread_blocked, id=6644, stack(0x000000d8f8a00000,0x000000d8f8b00000)]
  0x000002c82d714000 JavaThread "Java2D Disposer" daemon [_thread_blocked, id=220, stack(0x000000d8f8d00000,0x000000d8f8e00000)]
  0x000002c82d741000 JavaThread "AWT-Shutdown" [_thread_blocked, id=9880, stack(0x000000d8f8e00000,0x000000d8f8f00000)]
  0x000002c82d707000 JavaThread "AWT-Windows" daemon [_thread_in_native, id=9604, stack(0x000000d8f8f00000,0x000000d8f9000000)]
  0x000002c82d7ab800 JavaThread "AWT-EventQueue-0" [_thread_blocked, id=1308, stack(0x000000d8f9000000,0x000000d8f9100000)]
  0x000002c82daf6800 JavaThread "Timer-0" [_thread_blocked, id=9940, stack(0x000000d8f9100000,0x000000d8f9200000)]
=>0x000002c82eb59000 JavaThread "pool-2522-thread-1" [_thread_in_native, id=7204, stack(0x000000d8f9300000,0x000000d8f9400000)]

Other Threads:
  0x000002c82ceff000 VMThread "VM Thread" [stack: 0x000000d8f8000000,0x000000d8f8100000] [id=7328]
  0x000002c82d1fe800 WatcherThread [stack: 0x000000d8f8b00000,0x000000d8f8c00000] [id=8616]
  0x000002c811579000 GCTaskThread "GC Thread#0" [stack: 0x000000d8f7500000,0x000000d8f7600000] [id=9320]
  0x000002c81157a800 GCTaskThread "GC Thread#1" [stack: 0x000000d8f7600000,0x000000d8f7700000] [id=9660]
  0x000002c81157d000 GCTaskThread "GC Thread#2" [stack: 0x000000d8f7700000,0x000000d8f7800000] [id=4812]
  0x000002c811583000 GCTaskThread "GC Thread#3" [stack: 0x000000d8f7800000,0x000000d8f7900000] [id=8084]
  0x000002c8115c0000 ConcurrentGCThread "G1 Main Marker" [stack: 0x000000d8f7900000,0x000000d8f7a00000] [id=7144]
  0x000002c8115c3000 ConcurrentGCThread "G1 Conc#0" [stack: 0x000000d8f7a00000,0x000000d8f7b00000] [id=1988]
  0x000002c811608800 ConcurrentGCThread "G1 Refine#0" [stack: 0x000000d8f7b00000,0x000000d8f7c00000] [id=5064]
  0x000002c811609800 ConcurrentGCThread "G1 Refine#1" [stack: 0x000000d8f7c00000,0x000000d8f7d00000] [id=9168]
  0x000002c811612800 ConcurrentGCThread "G1 Refine#2" [stack: 0x000000d8f7d00000,0x000000d8f7e00000] [id=640]
  0x000002c811616000 ConcurrentGCThread "G1 Refine#3" [stack: 0x000000d8f7e00000,0x000000d8f7f00000] [id=1676]
  0x000002c811617000 ConcurrentGCThread "G1 Young RemSet Sampling" [stack: 0x000000d8f7f00000,0x000000d8f8000000] [id=5184]

Threads with active compile tasks:

VM state:not at safepoint (normal execution)

VM Mutex/Monitor currently owned by a thread: None

Heap address: 0x00000000c1200000, size: 1006 MB, Compressed Oops mode: 32-bit
Narrow klass base: 0x0000000000000000, Narrow klass shift: 3
Compressed class space size: 1073741824 Address: 0x0000000100000000

Heap:
 garbage-first heap   total 198656K, used 52434K [0x00000000c1200000, 0x0000000100000000)
  region size 1024K, 29 young (29696K), 1 survivors (1024K)
 Metaspace       used 12576K, capacity 12928K, committed 13056K, reserved 1060864K
  class space    used 1331K, capacity 1513K, committed 1536K, reserved 1048576K
Heap Regions: E=young(eden), S=young(survivor), O=old, HS=humongous(starts), HC=humongous(continues), CS=collection set, F=free, A=archive, TS=gc time stamp, AC=allocation context, TAMS=top-at-mark-start (previous, next)
|   0|0x00000000c1200000, 0x00000000c1300000, 0x00000000c1300000|100%|HS|  |TS  0|AC  0|TAMS 0x00000000c1200000, 0x00000000c1200000|
|   1|0x00000000c1300000, 0x00000000c1400000, 0x00000000c1400000|100%| O|  |TS  1|AC  0|TAMS 0x00000000c1300000, 0x00000000c1300000|
|   2|0x00000000c1400000, 0x00000000c1500000, 0x00000000c1500000|100%| O|  |TS  1|AC  0|TAMS 0x00000000c1400000, 0x00000000c1400000|
|   3|0x00000000c1500000, 0x00000000c1600000, 0x00000000c1600000|100%| O|  |TS  1|AC  0|TAMS 0x00000000c1500000, 0x00000000c1500000|
|   4|0x00000000c1600000, 0x00000000c1700000, 0x00000000c1700000|100%| O|  |TS  1|AC  0|TAMS 0x00000000c1600000, 0x00000000c1600000|
|   5|0x00000000c1700000, 0x00000000c1800000, 0x00000000c1800000|100%| O|  |TS  1|AC  0|TAMS 0x00000000c1700000, 0x00000000c1700000|
|   6|0x00000000c1800000, 0x00000000c1900000, 0x00000000c1900000|100%| O|  |TS  2|AC  0|TAMS 0x00000000c1800000, 0x00000000c1800000|
|   7|0x00000000c1900000, 0x00000000c1a00000, 0x00000000c1a00000|100%|HS|  |TS  0|AC  0|TAMS 0x00000000c1900000, 0x00000000c1900000|
|   8|0x00000000c1a00000, 0x00000000c1b00000, 0x00000000c1b00000|100%| O|  |TS  2|AC  0|TAMS 0x00000000c1a00000, 0x00000000c1a00000|
|   9|0x00000000c1b00000, 0x00000000c1c00000, 0x00000000c1c00000|100%| O|  |TS  2|AC  0|TAMS 0x00000000c1b00000, 0x00000000c1b00000|
|  10|0x00000000c1c00000, 0x00000000c1d00000, 0x00000000c1d00000|100%| O|  |TS  2|AC  0|TAMS 0x00000000c1c00000, 0x00000000c1c00000|
|  11|0x00000000c1d00000, 0x00000000c1e00000, 0x00000000c1e00000|100%| O|  |TS  2|AC  0|TAMS 0x00000000c1d00000, 0x00000000c1d00000|
|  12|0x00000000c1e00000, 0x00000000c1f00000, 0x00000000c1f00000|100%| O|  |TS  2|AC  0|TAMS 0x00000000c1e00000, 0x00000000c1e00000|
|  13|0x00000000c1f00000, 0x00000000c2000000, 0x00000000c2000000|100%| O|  |TS  2|AC  0|TAMS 0x00000000c1f00000, 0x00000000c1f00000|
|  14|0x00000000c2000000, 0x00000000c2100000, 0x00000000c2100000|100%| O|  |TS  2|AC  0|TAMS 0x00000000c2000000, 0x00000000c2000000|
|  15|0x00000000c2100000, 0x00000000c2200000, 0x00000000c2200000|100%| O|  |TS  2|AC  0|TAMS 0x00000000c2100000, 0x00000000c2100000|
|  16|0x00000000c2200000, 0x00000000c2300000, 0x00000000c2300000|100%| O|  |TS  2|AC  0|TAMS 0x00000000c2200000, 0x00000000c2200000|
|  17|0x00000000c2300000, 0x00000000c2400000, 0x00000000c2400000|100%| O|  |TS  3|AC  0|TAMS 0x00000000c2300000, 0x00000000c2300000|
|  18|0x00000000c2400000, 0x00000000c2500000, 0x00000000c2500000|100%| O|  |TS  3|AC  0|TAMS 0x00000000c2400000, 0x00000000c2400000|
|  19|0x00000000c2500000, 0x00000000c2600000, 0x00000000c2600000|100%| O|  |TS  3|AC  0|TAMS 0x00000000c2500000, 0x00000000c2500000|
|  20|0x00000000c2600000, 0x00000000c2700000, 0x00000000c2700000|100%| O|  |TS  3|AC  0|TAMS 0x00000000c2600000, 0x00000000c2600000|
|  21|0x00000000c2700000, 0x00000000c2800000, 0x00000000c2800000|100%| O|  |TS  4|AC  0|TAMS 0x00000000c2700000, 0x00000000c2700000|
|  22|0x00000000c2800000, 0x00000000c2900000, 0x00000000c2900000|100%| O|  |TS  4|AC  0|TAMS 0x00000000c2800000, 0x00000000c2800000|
|  23|0x00000000c2900000, 0x00000000c2a00000, 0x00000000c2a00000|100%| O|  |TS 96|AC  0|TAMS 0x00000000c2900000, 0x00000000c2900000|
|  24|0x00000000c2a00000, 0x00000000c2a30200, 0x00000000c2b00000| 18%| O|  |TS682|AC  0|TAMS 0x00000000c2a00000, 0x00000000c2a00000|
|  25|0x00000000c2b00000, 0x00000000c2b00000, 0x00000000c2c00000|  0%| F|  |TS  0|AC  0|TAMS 0x00000000c2b00000, 0x00000000c2b00000|
|  26|0x00000000c2c00000, 0x00000000c2c00000, 0x00000000c2d00000|  0%| F|  |TS  0|AC  0|TAMS 0x00000000c2c00000, 0x00000000c2c00000|
|  27|0x00000000c2d00000, 0x00000000c2d00000, 0x00000000c2e00000|  0%| F|  |TS  0|AC  0|TAMS 0x00000000c2d00000, 0x00000000c2d00000|
|  28|0x00000000c2e00000, 0x00000000c2e00000, 0x00000000c2f00000|  0%| F|  |TS  0|AC  0|TAMS 0x00000000c2e00000, 0x00000000c2e00000|
|  29|0x00000000c2f00000, 0x00000000c2f00000, 0x00000000c3000000|  0%| F|  |TS  0|AC  0|TAMS 0x00000000c2f00000, 0x00000000c2f00000|
|  30|0x00000000c3000000, 0x00000000c3000000, 0x00000000c3100000|  0%| F|  |TS  0|AC  0|TAMS 0x00000000c3000000, 0x00000000c3000000|
|  31|0x00000000c3100000, 0x00000000c3100000, 0x00000000c3200000|  0%| F|  |TS  0|AC  0|TAMS 0x00000000c3100000, 0x00000000c3100000|
|  32|0x00000000c3200000, 0x00000000c3200000, 0x00000000c3300000|  0%| F|  |TS  0|AC  0|TAMS 0x00000000c3200000, 0x00000000c3200000|
|  33|0x00000000c3300000, 0x00000000c3300000, 0x00000000c3400000|  0%| F|  |TS  0|AC  0|TAMS 0x00000000c3300000, 0x00000000c3300000|
|  34|0x00000000c3400000, 0x00000000c3400000, 0x00000000c3500000|  0%| F|  |TS 12|AC  0|TAMS 0x00000000c3400000, 0x00000000c3400000|
|  35|0x00000000c3500000, 0x00000000c3500000, 0x00000000c3600000|  0%| F|  |TS 13|AC  0|TAMS 0x00000000c3500000, 0x00000000c3500000|
|  36|0x00000000c3600000, 0x00000000c3600000, 0x00000000c3700000|  0%| F|  |TS 12|AC  0|TAMS 0x00000000c3600000, 0x00000000c3600000|
|  37|0x00000000c3700000, 0x00000000c3700000, 0x00000000c3800000|  0%| F|  |TS 12|AC  0|TAMS 0x00000000c3700000, 0x00000000c3700000|
|  38|0x00000000c3800000, 0x00000000c3800000, 0x00000000c3900000|  0%| F|  |TS 12|AC  0|TAMS 0x00000000c3800000, 0x00000000c3800000|
|  39|0x00000000c3900000, 0x00000000c3900000, 0x00000000c3a00000|  0%| F|  |TS 12|AC  0|TAMS 0x00000000c3900000, 0x00000000c3900000|
|  40|0x00000000c3a00000, 0x00000000c3a00000, 0x00000000c3b00000|  0%| F|  |TS 12|AC  0|TAMS 0x00000000c3a00000, 0x00000000c3a00000|
|  41|0x00000000c3b00000, 0x00000000c3b00000, 0x00000000c3c00000|  0%| F|  |TS 12|AC  0|TAMS 0x00000000c3b00000, 0x00000000c3b00000|
|  42|0x00000000c3c00000, 0x00000000c3c00000, 0x00000000c3d00000|  0%| F|  |TS 17|AC  0|TAMS 0x00000000c3c00000, 0x00000000c3c00000|
|  43|0x00000000c3d00000, 0x00000000c3d00000, 0x00000000c3e00000|  0%| F|  |TS 16|AC  0|TAMS 0x00000000c3d00000, 0x00000000c3d00000|
|  44|0x00000000c3e00000, 0x00000000c3e00000, 0x00000000c3f00000|  0%| F|  |TS 16|AC  0|TAMS 0x00000000c3e00000, 0x00000000c3e00000|
|  45|0x00000000c3f00000, 0x00000000c3f00000, 0x00000000c4000000|  0%| F|  |TS 16|AC  0|TAMS 0x00000000c3f00000, 0x00000000c3f00000|
|  46|0x00000000c4000000, 0x00000000c4000000, 0x00000000c4100000|  0%| F|  |TS 16|AC  0|TAMS 0x00000000c4000000, 0x00000000c4000000|
|  47|0x00000000c4100000, 0x00000000c4100000, 0x00000000c4200000|  0%| F|  |TS 16|AC  0|TAMS 0x00000000c4100000, 0x00000000c4100000|
|  48|0x00000000c4200000, 0x00000000c4200000, 0x00000000c4300000|  0%| F|  |TS 16|AC  0|TAMS 0x00000000c4200000, 0x00000000c4200000|
|  49|0x00000000c4300000, 0x00000000c4300000, 0x00000000c4400000|  0%| F|  |TS 16|AC  0|TAMS 0x00000000c4300000, 0x00000000c4300000|
|  50|0x00000000c4400000, 0x00000000c4400000, 0x00000000c4500000|  0%| F|  |TS 16|AC  0|TAMS 0x00000000c4400000, 0x00000000c4400000|
|  51|0x00000000c4500000, 0x00000000c4500000, 0x00000000c4600000|  0%| F|  |TS 16|AC  0|TAMS 0x00000000c4500000, 0x00000000c4500000|
|  52|0x00000000c4600000, 0x00000000c4600000, 0x00000000c4700000|  0%| F|  |TS 93|AC  0|TAMS 0x00000000c4600000, 0x00000000c4600000|
|  53|0x00000000c4700000, 0x00000000c4700000, 0x00000000c4800000|  0%| F|  |TS113|AC  0|TAMS 0x00000000c4700000, 0x00000000c4700000|
|  54|0x00000000c4800000, 0x00000000c4800000, 0x00000000c4900000|  0%| F|  |TS112|AC  0|TAMS 0x00000000c4800000, 0x00000000c4800000|
|  55|0x00000000c4900000, 0x00000000c4900000, 0x00000000c4a00000|  0%| F|  |TS112|AC  0|TAMS 0x00000000c4900000, 0x00000000c4900000|
|  56|0x00000000c4a00000, 0x00000000c4a00000, 0x00000000c4b00000|  0%| F|  |TS112|AC  0|TAMS 0x00000000c4a00000, 0x00000000c4a00000|
|  57|0x00000000c4b00000, 0x00000000c4b00000, 0x00000000c4c00000|  0%| F|  |TS112|AC  0|TAMS 0x00000000c4b00000, 0x00000000c4b00000|
|  58|0x00000000c4c00000, 0x00000000c4c00000, 0x00000000c4d00000|  0%| F|  |TS112|AC  0|TAMS 0x00000000c4c00000, 0x00000000c4c00000|
|  59|0x00000000c4d00000, 0x00000000c4d00000, 0x00000000c4e00000|  0%| F|  |TS112|AC  0|TAMS 0x00000000c4d00000, 0x00000000c4d00000|
|  60|0x00000000c4e00000, 0x00000000c4e00000, 0x00000000c4f00000|  0%| F|  |TS112|AC  0|TAMS 0x00000000c4e00000, 0x00000000c4e00000|
|  61|0x00000000c4f00000, 0x00000000c4f00000, 0x00000000c5000000|  0%| F|  |TS112|AC  0|TAMS 0x00000000c4f00000, 0x00000000c4f00000|
|  62|0x00000000c5000000, 0x00000000c5000000, 0x00000000c5100000|  0%| F|  |TS112|AC  0|TAMS 0x00000000c5000000, 0x00000000c5000000|
|  63|0x00000000c5100000, 0x00000000c5100000, 0x00000000c5200000|  0%| F|  |TS439|AC  0|TAMS 0x00000000c5100000, 0x00000000c5100000|
|  64|0x00000000c5200000, 0x00000000c5200000, 0x00000000c5300000|  0%| F|  |TS517|AC  0|TAMS 0x00000000c5200000, 0x00000000c5200000|
|  65|0x00000000c5300000, 0x00000000c5300000, 0x00000000c5400000|  0%| F|  |TS516|AC  0|TAMS 0x00000000c5300000, 0x00000000c5300000|
|  66|0x00000000c5400000, 0x00000000c5400000, 0x00000000c5500000|  0%| F|  |TS516|AC  0|TAMS 0x00000000c5400000, 0x00000000c5400000|
|  67|0x00000000c5500000, 0x00000000c5500000, 0x00000000c5600000|  0%| F|  |TS516|AC  0|TAMS 0x00000000c5500000, 0x00000000c5500000|
|  68|0x00000000c5600000, 0x00000000c5600000, 0x00000000c5700000|  0%| F|  |TS516|AC  0|TAMS 0x00000000c5600000, 0x00000000c5600000|
|  69|0x00000000c5700000, 0x00000000c5700000, 0x00000000c5800000|  0%| F|  |TS516|AC  0|TAMS 0x00000000c5700000, 0x00000000c5700000|
|  70|0x00000000c5800000, 0x00000000c5800000, 0x00000000c5900000|  0%| F|  |TS516|AC  0|TAMS 0x00000000c5800000, 0x00000000c5800000|
|  71|0x00000000c5900000, 0x00000000c5900000, 0x00000000c5a00000|  0%| F|  |TS516|AC  0|TAMS 0x00000000c5900000, 0x00000000c5900000|
|  72|0x00000000c5a00000, 0x00000000c5a00000, 0x00000000c5b00000|  0%| F|  |TS516|AC  0|TAMS 0x00000000c5a00000, 0x00000000c5a00000|
|  73|0x00000000c5b00000, 0x00000000c5b00000, 0x00000000c5c00000|  0%| F|  |TS516|AC  0|TAMS 0x00000000c5b00000, 0x00000000c5b00000|
|  74|0x00000000c5c00000, 0x00000000c5c00000, 0x00000000c5d00000|  0%| F|  |TS516|AC  0|TAMS 0x00000000c5c00000, 0x00000000c5c00000|
|  75|0x00000000c5d00000, 0x00000000c5d00000, 0x00000000c5e00000|  0%| F|  |TS516|AC  0|TAMS 0x00000000c5d00000, 0x00000000c5d00000|
|  76|0x00000000c5e00000, 0x00000000c5e00000, 0x00000000c5f00000|  0%| F|  |TS639|AC  0|TAMS 0x00000000c5e00000, 0x00000000c5e00000|
|  77|0x00000000c5f00000, 0x00000000c5f04890, 0x00000000c6000000|  1%| S|CS|TS682|AC  0|TAMS 0x00000000c5f00000, 0x00000000c5f00000|
|  78|0x00000000c6000000, 0x00000000c6000000, 0x00000000c6100000|  0%| F|  |TS682|AC  0|TAMS 0x00000000c6000000, 0x00000000c6000000|
|  79|0x00000000c6100000, 0x00000000c6100000, 0x00000000c6200000|  0%| F|  |TS682|AC  0|TAMS 0x00000000c6100000, 0x00000000c6100000|
|  80|0x00000000c6200000, 0x00000000c6200000, 0x00000000c6300000|  0%| F|  |TS682|AC  0|TAMS 0x00000000c6200000, 0x00000000c6200000|
|  81|0x00000000c6300000, 0x00000000c6300000, 0x00000000c6400000|  0%| F|  |TS682|AC  0|TAMS 0x00000000c6300000, 0x00000000c6300000|
|  82|0x00000000c6400000, 0x00000000c6400000, 0x00000000c6500000|  0%| F|  |TS682|AC  0|TAMS 0x00000000c6400000, 0x00000000c6400000|
|  83|0x00000000c6500000, 0x00000000c6500000, 0x00000000c6600000|  0%| F|  |TS682|AC  0|TAMS 0x00000000c6500000, 0x00000000c6500000|
|  84|0x00000000c6600000, 0x00000000c6600000, 0x00000000c6700000|  0%| F|  |TS682|AC  0|TAMS 0x00000000c6600000, 0x00000000c6600000|
|  85|0x00000000c6700000, 0x00000000c6700000, 0x00000000c6800000|  0%| F|  |TS682|AC  0|TAMS 0x00000000c6700000, 0x00000000c6700000|
|  86|0x00000000c6800000, 0x00000000c6800000, 0x00000000c6900000|  0%| F|  |TS682|AC  0|TAMS 0x00000000c6800000, 0x00000000c6800000|
|  87|0x00000000c6900000, 0x00000000c6900000, 0x00000000c6a00000|  0%| F|  |TS682|AC  0|TAMS 0x00000000c6900000, 0x00000000c6900000|
|  88|0x00000000c6a00000, 0x00000000c6a00000, 0x00000000c6b00000|  0%| F|  |TS682|AC  0|TAMS 0x00000000c6a00000, 0x00000000c6a00000|
|  89|0x00000000c6b00000, 0x00000000c6b00000, 0x00000000c6c00000|  0%| F|  |TS682|AC  0|TAMS 0x00000000c6b00000, 0x00000000c6b00000|
|  90|0x00000000c6c00000, 0x00000000c6c00000, 0x00000000c6d00000|  0%| F|  |TS682|AC  0|TAMS 0x00000000c6c00000, 0x00000000c6c00000|
|  91|0x00000000c6d00000, 0x00000000c6d00000, 0x00000000c6e00000|  0%| F|  |TS682|AC  0|TAMS 0x00000000c6d00000, 0x00000000c6d00000|
|  92|0x00000000c6e00000, 0x00000000c6e00000, 0x00000000c6f00000|  0%| F|  |TS682|AC  0|TAMS 0x00000000c6e00000, 0x00000000c6e00000|
|  93|0x00000000c6f00000, 0x00000000c6f00000, 0x00000000c7000000|  0%| F|  |TS682|AC  0|TAMS 0x00000000c6f00000, 0x00000000c6f00000|
|  94|0x00000000c7000000, 0x00000000c7000000, 0x00000000c7100000|  0%| F|  |TS682|AC  0|TAMS 0x00000000c7000000, 0x00000000c7000000|
|  95|0x00000000c7100000, 0x00000000c7100000, 0x00000000c7200000|  0%| F|  |TS682|AC  0|TAMS 0x00000000c7100000, 0x00000000c7100000|
|  96|0x00000000c7200000, 0x00000000c7200000, 0x00000000c7300000|  0%| F|  |TS682|AC  0|TAMS 0x00000000c7200000, 0x00000000c7200000|
|  97|0x00000000c7300000, 0x00000000c7300000, 0x00000000c7400000|  0%| F|  |TS682|AC  0|TAMS 0x00000000c7300000, 0x00000000c7300000|
|  98|0x00000000c7400000, 0x00000000c7400000, 0x00000000c7500000|  0%| F|  |TS682|AC  0|TAMS 0x00000000c7400000, 0x00000000c7400000|
|  99|0x00000000c7500000, 0x00000000c7500000, 0x00000000c7600000|  0%| F|  |TS682|AC  0|TAMS 0x00000000c7500000, 0x00000000c7500000|
| 100|0x00000000c7600000, 0x00000000c7600000, 0x00000000c7700000|  0%| F|  |TS682|AC  0|TAMS 0x00000000c7600000, 0x00000000c7600000|
| 101|0x00000000c7700000, 0x00000000c7700000, 0x00000000c7800000|  0%| F|  |TS682|AC  0|TAMS 0x00000000c7700000, 0x00000000c7700000|
| 102|0x00000000c7800000, 0x00000000c7800000, 0x00000000c7900000|  0%| F|  |TS682|AC  0|TAMS 0x00000000c7800000, 0x00000000c7800000|
| 103|0x00000000c7900000, 0x00000000c7900000, 0x00000000c7a00000|  0%| F|  |TS682|AC  0|TAMS 0x00000000c7900000, 0x00000000c7900000|
| 104|0x00000000c7a00000, 0x00000000c7a00000, 0x00000000c7b00000|  0%| F|  |TS682|AC  0|TAMS 0x00000000c7a00000, 0x00000000c7a00000|
| 105|0x00000000c7b00000, 0x00000000c7b00000, 0x00000000c7c00000|  0%| F|  |TS682|AC  0|TAMS 0x00000000c7b00000, 0x00000000c7b00000|
| 106|0x00000000c7c00000, 0x00000000c7c00000, 0x00000000c7d00000|  0%| F|  |TS682|AC  0|TAMS 0x00000000c7c00000, 0x00000000c7c00000|
| 107|0x00000000c7d00000, 0x00000000c7d00000, 0x00000000c7e00000|  0%| F|  |TS682|AC  0|TAMS 0x00000000c7d00000, 0x00000000c7d00000|
| 108|0x00000000c7e00000, 0x00000000c7e00000, 0x00000000c7f00000|  0%| F|  |TS682|AC  0|TAMS 0x00000000c7e00000, 0x00000000c7e00000|
| 109|0x00000000c7f00000, 0x00000000c7f00000, 0x00000000c8000000|  0%| F|  |TS682|AC  0|TAMS 0x00000000c7f00000, 0x00000000c7f00000|
| 110|0x00000000c8000000, 0x00000000c8000000, 0x00000000c8100000|  0%| F|  |TS682|AC  0|TAMS 0x00000000c8000000, 0x00000000c8000000|
| 111|0x00000000c8100000, 0x00000000c8100000, 0x00000000c8200000|  0%| F|  |TS682|AC  0|TAMS 0x00000000c8100000, 0x00000000c8100000|
| 112|0x00000000c8200000, 0x00000000c8200000, 0x00000000c8300000|  0%| F|  |TS682|AC  0|TAMS 0x00000000c8200000, 0x00000000c8200000|
| 113|0x00000000c8300000, 0x00000000c8300000, 0x00000000c8400000|  0%| F|  |TS682|AC  0|TAMS 0x00000000c8300000, 0x00000000c8300000|
| 114|0x00000000c8400000, 0x00000000c8400000, 0x00000000c8500000|  0%| F|  |TS682|AC  0|TAMS 0x00000000c8400000, 0x00000000c8400000|
| 115|0x00000000c8500000, 0x00000000c8500000, 0x00000000c8600000|  0%| F|  |TS682|AC  0|TAMS 0x00000000c8500000, 0x00000000c8500000|
| 116|0x00000000c8600000, 0x00000000c8600000, 0x00000000c8700000|  0%| F|  |TS682|AC  0|TAMS 0x00000000c8600000, 0x00000000c8600000|
| 117|0x00000000c8700000, 0x00000000c8700000, 0x00000000c8800000|  0%| F|  |TS682|AC  0|TAMS 0x00000000c8700000, 0x00000000c8700000|
| 118|0x00000000c8800000, 0x00000000c8800000, 0x00000000c8900000|  0%| F|  |TS682|AC  0|TAMS 0x00000000c8800000, 0x00000000c8800000|
| 119|0x00000000c8900000, 0x00000000c8900000, 0x00000000c8a00000|  0%| F|  |TS682|AC  0|TAMS 0x00000000c8900000, 0x00000000c8900000|
| 120|0x00000000c8a00000, 0x00000000c8a00000, 0x00000000c8b00000|  0%| F|  |TS682|AC  0|TAMS 0x00000000c8a00000, 0x00000000c8a00000|
| 121|0x00000000c8b00000, 0x00000000c8b00000, 0x00000000c8c00000|  0%| F|  |TS682|AC  0|TAMS 0x00000000c8b00000, 0x00000000c8b00000|
| 122|0x00000000c8c00000, 0x00000000c8c00000, 0x00000000c8d00000|  0%| F|  |TS682|AC  0|TAMS 0x00000000c8c00000, 0x00000000c8c00000|
| 123|0x00000000c8d00000, 0x00000000c8d00000, 0x00000000c8e00000|  0%| F|  |TS682|AC  0|TAMS 0x00000000c8d00000, 0x00000000c8d00000|
| 124|0x00000000c8e00000, 0x00000000c8e00000, 0x00000000c8f00000|  0%| F|  |TS682|AC  0|TAMS 0x00000000c8e00000, 0x00000000c8e00000|
| 125|0x00000000c8f00000, 0x00000000c8f00000, 0x00000000c9000000|  0%| F|  |TS682|AC  0|TAMS 0x00000000c8f00000, 0x00000000c8f00000|
| 126|0x00000000c9000000, 0x00000000c9000000, 0x00000000c9100000|  0%| F|  |TS682|AC  0|TAMS 0x00000000c9000000, 0x00000000c9000000|
| 127|0x00000000c9100000, 0x00000000c9100000, 0x00000000c9200000|  0%| F|  |TS682|AC  0|TAMS 0x00000000c9100000, 0x00000000c9100000|
| 128|0x00000000c9200000, 0x00000000c9200000, 0x00000000c9300000|  0%| F|  |TS682|AC  0|TAMS 0x00000000c9200000, 0x00000000c9200000|
| 129|0x00000000c9300000, 0x00000000c9300000, 0x00000000c9400000|  0%| F|  |TS682|AC  0|TAMS 0x00000000c9300000, 0x00000000c9300000|
| 130|0x00000000c9400000, 0x00000000c9400000, 0x00000000c9500000|  0%| F|  |TS682|AC  0|TAMS 0x00000000c9400000, 0x00000000c9400000|
| 131|0x00000000c9500000, 0x00000000c9500000, 0x00000000c9600000|  0%| F|  |TS682|AC  0|TAMS 0x00000000c9500000, 0x00000000c9500000|
| 132|0x00000000c9600000, 0x00000000c9600000, 0x00000000c9700000|  0%| F|  |TS682|AC  0|TAMS 0x00000000c9600000, 0x00000000c9600000|
| 133|0x00000000c9700000, 0x00000000c9700000, 0x00000000c9800000|  0%| F|  |TS682|AC  0|TAMS 0x00000000c9700000, 0x00000000c9700000|
| 134|0x00000000c9800000, 0x00000000c9800000, 0x00000000c9900000|  0%| F|  |TS682|AC  0|TAMS 0x00000000c9800000, 0x00000000c9800000|
| 135|0x00000000c9900000, 0x00000000c9900000, 0x00000000c9a00000|  0%| F|  |TS682|AC  0|TAMS 0x00000000c9900000, 0x00000000c9900000|
| 136|0x00000000c9a00000, 0x00000000c9a00000, 0x00000000c9b00000|  0%| F|  |TS682|AC  0|TAMS 0x00000000c9a00000, 0x00000000c9a00000|
| 137|0x00000000c9b00000, 0x00000000c9b00000, 0x00000000c9c00000|  0%| F|  |TS682|AC  0|TAMS 0x00000000c9b00000, 0x00000000c9b00000|
| 138|0x00000000c9c00000, 0x00000000c9c00000, 0x00000000c9d00000|  0%| F|  |TS682|AC  0|TAMS 0x00000000c9c00000, 0x00000000c9c00000|
| 139|0x00000000c9d00000, 0x00000000c9d00000, 0x00000000c9e00000|  0%| F|  |TS682|AC  0|TAMS 0x00000000c9d00000, 0x00000000c9d00000|
| 140|0x00000000c9e00000, 0x00000000c9e00000, 0x00000000c9f00000|  0%| F|  |TS682|AC  0|TAMS 0x00000000c9e00000, 0x00000000c9e00000|
| 141|0x00000000c9f00000, 0x00000000c9f00000, 0x00000000ca000000|  0%| F|  |TS682|AC  0|TAMS 0x00000000c9f00000, 0x00000000c9f00000|
| 142|0x00000000ca000000, 0x00000000ca000000, 0x00000000ca100000|  0%| F|  |TS682|AC  0|TAMS 0x00000000ca000000, 0x00000000ca000000|
| 143|0x00000000ca100000, 0x00000000ca100000, 0x00000000ca200000|  0%| F|  |TS682|AC  0|TAMS 0x00000000ca100000, 0x00000000ca100000|
| 144|0x00000000ca200000, 0x00000000ca200000, 0x00000000ca300000|  0%| F|  |TS682|AC  0|TAMS 0x00000000ca200000, 0x00000000ca200000|
| 145|0x00000000ca300000, 0x00000000ca300000, 0x00000000ca400000|  0%| F|  |TS682|AC  0|TAMS 0x00000000ca300000, 0x00000000ca300000|
| 146|0x00000000ca400000, 0x00000000ca400000, 0x00000000ca500000|  0%| F|  |TS682|AC  0|TAMS 0x00000000ca400000, 0x00000000ca400000|
| 147|0x00000000ca500000, 0x00000000ca500000, 0x00000000ca600000|  0%| F|  |TS682|AC  0|TAMS 0x00000000ca500000, 0x00000000ca500000|
| 148|0x00000000ca600000, 0x00000000ca600000, 0x00000000ca700000|  0%| F|  |TS682|AC  0|TAMS 0x00000000ca600000, 0x00000000ca600000|
| 149|0x00000000ca700000, 0x00000000ca700000, 0x00000000ca800000|  0%| F|  |TS682|AC  0|TAMS 0x00000000ca700000, 0x00000000ca700000|
| 150|0x00000000ca800000, 0x00000000ca800000, 0x00000000ca900000|  0%| F|  |TS682|AC  0|TAMS 0x00000000ca800000, 0x00000000ca800000|
| 151|0x00000000ca900000, 0x00000000ca900000, 0x00000000caa00000|  0%| F|  |TS682|AC  0|TAMS 0x00000000ca900000, 0x00000000ca900000|
| 152|0x00000000caa00000, 0x00000000caa00000, 0x00000000cab00000|  0%| F|  |TS682|AC  0|TAMS 0x00000000caa00000, 0x00000000caa00000|
| 153|0x00000000cab00000, 0x00000000cab00000, 0x00000000cac00000|  0%| F|  |TS682|AC  0|TAMS 0x00000000cab00000, 0x00000000cab00000|
| 154|0x00000000cac00000, 0x00000000cac00000, 0x00000000cad00000|  0%| F|  |TS682|AC  0|TAMS 0x00000000cac00000, 0x00000000cac00000|
| 155|0x00000000cad00000, 0x00000000cad00000, 0x00000000cae00000|  0%| F|  |TS682|AC  0|TAMS 0x00000000cad00000, 0x00000000cad00000|
| 156|0x00000000cae00000, 0x00000000cae00000, 0x00000000caf00000|  0%| F|  |TS682|AC  0|TAMS 0x00000000cae00000, 0x00000000cae00000|
| 157|0x00000000caf00000, 0x00000000caf00000, 0x00000000cb000000|  0%| F|  |TS682|AC  0|TAMS 0x00000000caf00000, 0x00000000caf00000|
| 158|0x00000000cb000000, 0x00000000cb000000, 0x00000000cb100000|  0%| F|  |TS682|AC  0|TAMS 0x00000000cb000000, 0x00000000cb000000|
| 159|0x00000000cb100000, 0x00000000cb100000, 0x00000000cb200000|  0%| F|  |TS682|AC  0|TAMS 0x00000000cb100000, 0x00000000cb100000|
| 160|0x00000000cb200000, 0x00000000cb200000, 0x00000000cb300000|  0%| F|  |TS682|AC  0|TAMS 0x00000000cb200000, 0x00000000cb200000|
| 161|0x00000000cb300000, 0x00000000cb300000, 0x00000000cb400000|  0%| F|  |TS682|AC  0|TAMS 0x00000000cb300000, 0x00000000cb300000|
| 162|0x00000000cb400000, 0x00000000cb400000, 0x00000000cb500000|  0%| F|  |TS682|AC  0|TAMS 0x00000000cb400000, 0x00000000cb400000|
| 163|0x00000000cb500000, 0x00000000cb500000, 0x00000000cb600000|  0%| F|  |TS682|AC  0|TAMS 0x00000000cb500000, 0x00000000cb500000|
| 164|0x00000000cb600000, 0x00000000cb600000, 0x00000000cb700000|  0%| F|  |TS682|AC  0|TAMS 0x00000000cb600000, 0x00000000cb600000|
| 165|0x00000000cb700000, 0x00000000cb700000, 0x00000000cb800000|  0%| F|  |TS682|AC  0|TAMS 0x00000000cb700000, 0x00000000cb700000|
| 166|0x00000000cb800000, 0x00000000cb900000, 0x00000000cb900000|100%| E|  |TS682|AC  0|TAMS 0x00000000cb800000, 0x00000000cb800000|
| 167|0x00000000cb900000, 0x00000000cba00000, 0x00000000cba00000|100%| E|CS|TS682|AC  0|TAMS 0x00000000cb900000, 0x00000000cb900000|
| 168|0x00000000cba00000, 0x00000000cbb00000, 0x00000000cbb00000|100%| E|CS|TS682|AC  0|TAMS 0x00000000cba00000, 0x00000000cba00000|
| 169|0x00000000cbb00000, 0x00000000cbc00000, 0x00000000cbc00000|100%| E|CS|TS682|AC  0|TAMS 0x00000000cbb00000, 0x00000000cbb00000|
| 170|0x00000000cbc00000, 0x00000000cbd00000, 0x00000000cbd00000|100%| E|CS|TS682|AC  0|TAMS 0x00000000cbc00000, 0x00000000cbc00000|
| 171|0x00000000cbd00000, 0x00000000cbe00000, 0x00000000cbe00000|100%| E|CS|TS682|AC  0|TAMS 0x00000000cbd00000, 0x00000000cbd00000|
| 172|0x00000000cbe00000, 0x00000000cbf00000, 0x00000000cbf00000|100%| E|CS|TS682|AC  0|TAMS 0x00000000cbe00000, 0x00000000cbe00000|
| 173|0x00000000cbf00000, 0x00000000cc000000, 0x00000000cc000000|100%| E|CS|TS682|AC  0|TAMS 0x00000000cbf00000, 0x00000000cbf00000|
| 174|0x00000000cc000000, 0x00000000cc100000, 0x00000000cc100000|100%| E|CS|TS682|AC  0|TAMS 0x00000000cc000000, 0x00000000cc000000|
| 175|0x00000000cc100000, 0x00000000cc200000, 0x00000000cc200000|100%| E|CS|TS682|AC  0|TAMS 0x00000000cc100000, 0x00000000cc100000|
| 176|0x00000000cc200000, 0x00000000cc300000, 0x00000000cc300000|100%| E|CS|TS682|AC  0|TAMS 0x00000000cc200000, 0x00000000cc200000|
| 177|0x00000000cc300000, 0x00000000cc400000, 0x00000000cc400000|100%| E|CS|TS682|AC  0|TAMS 0x00000000cc300000, 0x00000000cc300000|
| 178|0x00000000cc400000, 0x00000000cc500000, 0x00000000cc500000|100%| E|CS|TS682|AC  0|TAMS 0x00000000cc400000, 0x00000000cc400000|
| 179|0x00000000cc500000, 0x00000000cc600000, 0x00000000cc600000|100%| E|CS|TS682|AC  0|TAMS 0x00000000cc500000, 0x00000000cc500000|
| 180|0x00000000cc600000, 0x00000000cc700000, 0x00000000cc700000|100%| E|CS|TS682|AC  0|TAMS 0x00000000cc600000, 0x00000000cc600000|
| 181|0x00000000cc700000, 0x00000000cc800000, 0x00000000cc800000|100%| E|CS|TS682|AC  0|TAMS 0x00000000cc700000, 0x00000000cc700000|
| 182|0x00000000cc800000, 0x00000000cc900000, 0x00000000cc900000|100%| E|CS|TS682|AC  0|TAMS 0x00000000cc800000, 0x00000000cc800000|
| 183|0x00000000cc900000, 0x00000000cca00000, 0x00000000cca00000|100%| E|CS|TS682|AC  0|TAMS 0x00000000cc900000, 0x00000000cc900000|
| 184|0x00000000cca00000, 0x00000000ccb00000, 0x00000000ccb00000|100%| E|CS|TS682|AC  0|TAMS 0x00000000cca00000, 0x00000000cca00000|
| 185|0x00000000ccb00000, 0x00000000ccc00000, 0x00000000ccc00000|100%| E|CS|TS682|AC  0|TAMS 0x00000000ccb00000, 0x00000000ccb00000|
| 186|0x00000000ccc00000, 0x00000000ccd00000, 0x00000000ccd00000|100%| E|CS|TS682|AC  0|TAMS 0x00000000ccc00000, 0x00000000ccc00000|
| 187|0x00000000ccd00000, 0x00000000cce00000, 0x00000000cce00000|100%| E|CS|TS682|AC  0|TAMS 0x00000000ccd00000, 0x00000000ccd00000|
| 188|0x00000000cce00000, 0x00000000ccf00000, 0x00000000ccf00000|100%| E|CS|TS682|AC  0|TAMS 0x00000000cce00000, 0x00000000cce00000|
| 189|0x00000000ccf00000, 0x00000000cd000000, 0x00000000cd000000|100%| E|CS|TS682|AC  0|TAMS 0x00000000ccf00000, 0x00000000ccf00000|
| 190|0x00000000cd000000, 0x00000000cd100000, 0x00000000cd100000|100%| E|CS|TS682|AC  0|TAMS 0x00000000cd000000, 0x00000000cd000000|
| 191|0x00000000cd100000, 0x00000000cd200000, 0x00000000cd200000|100%| E|CS|TS682|AC  0|TAMS 0x00000000cd100000, 0x00000000cd100000|
| 192|0x00000000cd200000, 0x00000000cd300000, 0x00000000cd300000|100%| E|CS|TS682|AC  0|TAMS 0x00000000cd200000, 0x00000000cd200000|
| 193|0x00000000cd300000, 0x00000000cd400000, 0x00000000cd400000|100%| E|CS|TS682|AC  0|TAMS 0x00000000cd300000, 0x00000000cd300000|

Card table byte_map: [0x000002c827f10000,0x000002c828110000] byte_map_base: 0x000002c827907000

Marking Bits (Prev, Next): (CMBitMap*) 0x000002c8115bf4e0, (CMBitMap*) 0x000002c8115bf518
 Prev Bits: [0x000002c828310000, 0x000002c8292c8000)
 Next Bits: [0x000002c8292d0000, 0x000002c82a288000)

Polling page: 0x000002c810d20000

CodeHeap 'non-profiled nmethods': size=120064Kb used=948Kb max_used=948Kb free=119115Kb
 bounds [0x000002c8207d0000, 0x000002c820a40000, 0x000002c827d10000]
CodeHeap 'profiled nmethods': size=120000Kb used=2933Kb max_used=3296Kb free=117066Kb
 bounds [0x000002c8192a0000, 0x000002c8195e0000, 0x000002c8207d0000]
CodeHeap 'non-nmethods': size=5696Kb used=1173Kb max_used=1214Kb free=4522Kb
 bounds [0x000002c818d10000, 0x000002c818f80000, 0x000002c8192a0000]
 total_blobs=2836 nmethods=1596 adapters=433
 compilation: enabled

Compilation events (10 events):
Event: 28.456 Thread 0x000002c82cf39000 1829       3       java.awt.AWTKeyStroke::mapOldModifiers (69 bytes)
Event: 28.456 Thread 0x000002c82cf39000 nmethod 1829 0x000002c8192c7090 code [0x000002c8192c7240, 0x000002c8192c74d8]
Event: 30.923 Thread 0x000002c82cf39000 1830       3       java.awt.AWTKeyStroke::equals (64 bytes)
Event: 30.923 Thread 0x000002c82cf39000 nmethod 1830 0x000002c8192cea10 code [0x000002c8192cebe0, 0x000002c8192cf098]
Event: 31.279 Thread 0x000002c82cf30000 1831       4       Vector::add (35 bytes)
Event: 31.285 Thread 0x000002c82cf30000 nmethod 1831 0x000002c8208bbc10 code [0x000002c8208bbdc0, 0x000002c8208bc0b8]
Event: 31.518 Thread 0x000002c82cf34000 1832       4       java.security.AccessControlContext::<init> (63 bytes)
Event: 31.523 Thread 0x000002c82cf34000 nmethod 1832 0x000002c8208bc310 code [0x000002c8208bc4a0, 0x000002c8208bc778]
Event: 31.662 Thread 0x000002c82cf30000 1833   !   4       java.util.concurrent.locks.AbstractQueuedSynchronizer::acquireQueued (74 bytes)
Event: 31.671 Thread 0x000002c82cf30000 nmethod 1833 0x000002c8208bc890 code [0x000002c8208bca40, 0x000002c8208bcf18]

GC Heap History (10 events):
Event: 31.382 GC heap before
{Heap before GC invocations=677 (full 0):
 garbage-first heap   total 198656K, used 142546K [0x00000000c1200000, 0x0000000100000000)
  region size 1024K, 116 young (118784K), 1 survivors (1024K)
 Metaspace       used 12575K, capacity 12928K, committed 13056K, reserved 1060864K
  class space    used 1330K, capacity 1513K, committed 1536K, reserved 1048576K
}
Event: 31.383 GC heap after
{Heap after GC invocations=678 (full 0):
 garbage-first heap   total 198656K, used 24786K [0x00000000c1200000, 0x0000000100000000)
  region size 1024K, 1 young (1024K), 1 survivors (1024K)
 Metaspace       used 12575K, capacity 12928K, committed 13056K, reserved 1060864K
  class space    used 1330K, capacity 1513K, committed 1536K, reserved 1048576K
}
Event: 31.462 GC heap before
{Heap before GC invocations=678 (full 0):
 garbage-first heap   total 198656K, used 142546K [0x00000000c1200000, 0x0000000100000000)
  region size 1024K, 116 young (118784K), 1 survivors (1024K)
 Metaspace       used 12575K, capacity 12928K, committed 13056K, reserved 1060864K
  class space    used 1330K, capacity 1513K, committed 1536K, reserved 1048576K
}
Event: 31.462 GC heap after
{Heap after GC invocations=679 (full 0):
 garbage-first heap   total 198656K, used 24786K [0x00000000c1200000, 0x0000000100000000)
  region size 1024K, 1 young (1024K), 1 survivors (1024K)
 Metaspace       used 12575K, capacity 12928K, committed 13056K, reserved 1060864K
  class space    used 1330K, capacity 1513K, committed 1536K, reserved 1048576K
}
Event: 31.541 GC heap before
{Heap before GC invocations=679 (full 0):
 garbage-first heap   total 198656K, used 142546K [0x00000000c1200000, 0x0000000100000000)
  region size 1024K, 116 young (118784K), 1 survivors (1024K)
 Metaspace       used 12576K, capacity 12928K, committed 13056K, reserved 1060864K
  class space    used 1331K, capacity 1513K, committed 1536K, reserved 1048576K
}
Event: 31.541 GC heap after
{Heap after GC invocations=680 (full 0):
 garbage-first heap   total 198656K, used 24786K [0x00000000c1200000, 0x0000000100000000)
  region size 1024K, 1 young (1024K), 1 survivors (1024K)
 Metaspace       used 12576K, capacity 12928K, committed 13056K, reserved 1060864K
  class space    used 1331K, capacity 1513K, committed 1536K, reserved 1048576K
}
Event: 31.618 GC heap before
{Heap before GC invocations=680 (full 0):
 garbage-first heap   total 198656K, used 142546K [0x00000000c1200000, 0x0000000100000000)
  region size 1024K, 116 young (118784K), 1 survivors (1024K)
 Metaspace       used 12576K, capacity 12928K, committed 13056K, reserved 1060864K
  class space    used 1331K, capacity 1513K, committed 1536K, reserved 1048576K
}
Event: 31.619 GC heap after
{Heap after GC invocations=681 (full 0):
 garbage-first heap   total 198656K, used 24786K [0x00000000c1200000, 0x0000000100000000)
  region size 1024K, 1 young (1024K), 1 survivors (1024K)
 Metaspace       used 12576K, capacity 12928K, committed 13056K, reserved 1060864K
  class space    used 1331K, capacity 1513K, committed 1536K, reserved 1048576K
}
Event: 31.697 GC heap before
{Heap before GC invocations=681 (full 0):
 garbage-first heap   total 198656K, used 142546K [0x00000000c1200000, 0x0000000100000000)
  region size 1024K, 116 young (118784K), 1 survivors (1024K)
 Metaspace       used 12576K, capacity 12928K, committed 13056K, reserved 1060864K
  class space    used 1331K, capacity 1513K, committed 1536K, reserved 1048576K
}
Event: 31.698 GC heap after
{Heap after GC invocations=682 (full 0):
 garbage-first heap   total 198656K, used 24786K [0x00000000c1200000, 0x0000000100000000)
  region size 1024K, 1 young (1024K), 1 survivors (1024K)
 Metaspace       used 12576K, capacity 12928K, committed 13056K, reserved 1060864K
  class space    used 1331K, capacity 1513K, committed 1536K, reserved 1048576K
}

Deoptimization events (10 events):
Event: 2.029 Thread 0x000002c82eb5c800 Uncommon trap: reason=unstable_if action=reinterpret pc=0x000002c820836370 method=Renderer.drawTri(LTri;LTri;)V @ 247 c2
Event: 2.084 Thread 0x000002c82eb57800 Uncommon trap: reason=unstable_if action=reinterpret pc=0x000002c8208425dc method=Tri.insideTri(LVector;)Z @ 232 c2
Event: 24.321 Thread 0x000002c82eb56000 Uncommon trap: reason=unstable_if action=reinterpret pc=0x000002c82085dd6c method=Tri.minY()D @ 55 c2
Event: 24.322 Thread 0x000002c82eb56000 Uncommon trap: reason=unstable_if action=reinterpret pc=0x000002c820855f7c method=Tri.minY()D @ 55 c2
Event: 24.492 Thread 0x000002c82eb55000 Uncommon trap: reason=unstable_if action=reinterpret pc=0x000002c820830e20 method=Renderer.drawTri(LTri;LTri;)V @ 275 c2
Event: 24.585 Thread 0x000002c82eb5b800 Uncommon trap: reason=unstable_if action=reinterpret pc=0x000002c82089fddc method=Renderer.drawTri(LTri;LTri;)V @ 275 c2
Event: 24.942 Thread 0x000002c82eb58800 Uncommon trap: reason=unstable_if action=reinterpret pc=0x000002c8208a7cbc method=Renderer.drawTri(LTri;LTri;)V @ 263 c2
Event: 24.963 Thread 0x000002c82eb57000 Uncommon trap: reason=unstable_if action=reinterpret pc=0x000002c8208a48d4 method=Renderer.drawTri(LTri;LTri;)V @ 263 c2
Event: 25.376 Thread 0x000002c82eb58800 Uncommon trap: reason=unstable_if action=reinterpret pc=0x000002c8208af864 method=Renderer.drawTri(LTri;LTri;)V @ 291 c2
Event: 25.376 Thread 0x000002c82eb58800 Uncommon trap: reason=unstable_if action=reinterpret pc=0x000002c8208ac3b8 method=Renderer.drawTri(LTri;LTri;)V @ 291 c2

Classes redefined (0 events):
No events

Internal exceptions (10 events):
Event: 0.447 Thread 0x000002c811561000 Exception <a 'java/lang/NoSuchMethodError'{0x00000000c4d148a8}: java.lang.invoke.DirectMethodHandle$Holder.invokeStatic(Ljava/lang/Object;Ljava/lang/Object;Ljava/lang/Object;Ljava/lang/Object;Ljava/lang/Object;Ljava/lang/Object;Ljava/lang/Object;Ljava/lan
Event: 0.510 Thread 0x000002c811561000 Exception <a 'java/lang/NoSuchMethodError'{0x00000000c4c4f538}: method resolution failed> (0x00000000c4c4f538) thrown at [t:/workspace/open/src/hotspot/share/prims/methodHandles.cpp, line 1226]
Event: 0.511 Thread 0x000002c811561000 Exception <a 'java/lang/NoSuchMethodError'{0x00000000c4c56928}: java.lang.invoke.DirectMethodHandle$Holder.invokeStatic(Ljava/lang/Object;ILjava/lang/Object;Ljava/lang/Object;Ljava/lang/Object;)Ljava/lang/Object;> (0x00000000c4c56928) thrown at [t:/worksp
Event: 0.512 Thread 0x000002c811561000 Exception <a 'java/lang/NoSuchMethodError'{0x00000000c4c5a518}: method resolution failed> (0x00000000c4c5a518) thrown at [t:/workspace/open/src/hotspot/share/prims/methodHandles.cpp, line 1226]
Event: 0.552 Thread 0x000002c811561000 Exception <a 'java/lang/ClassNotFoundException'{0x00000000c4b1ad70}: com/sun/swing/internal/plaf/metal/resources/spi/metalProvider> (0x00000000c4b1ad70) thrown at [t:/workspace/open/src/hotspot/share/classfile/systemDictionary.cpp, line 233]
Event: 0.554 Thread 0x000002c811561000 Exception <a 'java/lang/ClassNotFoundException'{0x00000000c4b1f228}: com/sun/swing/internal/plaf/basic/resources/spi/basicProvider> (0x00000000c4b1f228) thrown at [t:/workspace/open/src/hotspot/share/classfile/systemDictionary.cpp, line 233]
Event: 0.601 Thread 0x000002c811561000 Exception <a 'java/lang/NoSuchMethodError'{0x00000000c4b85b20}: java.lang.invoke.DirectMethodHandle$Holder.invokeStaticInit(Ljava/lang/Object;)V> (0x00000000c4b85b20) thrown at [t:/workspace/open/src/hotspot/share/interpreter/linkResolver.cpp, line 741]
Event: 0.665 Thread 0x000002c811561000 Exception <a 'java/lang/NoSuchMethodError'{0x00000000c49392d8}: java.lang.invoke.DirectMethodHandle$Holder.invokeStatic(Ljava/lang/Object;Ljava/lang/Object;Ljava/lang/Object;Ljava/lang/Object;Ljava/lang/Object;Ljava/lang/Object;Ljava/lang/Object;Ljava/lan
Event: 0.668 Thread 0x000002c811561000 Exception <a 'java/lang/NoSuchMethodError'{0x00000000c4959c60}: java.lang.invoke.DirectMethodHandle$Holder.invokeStatic(Ljava/lang/Object;Ljava/lang/Object;Ljava/lang/Object;Ljava/lang/Object;Ljava/lang/Object;Ljava/lang/Object;Ljava/lang/Object;Ljava/lan
Event: 0.672 Thread 0x000002c811561000 Exception <a 'java/lang/NoSuchMethodError'{0x00000000c497b3f8}: java.lang.invoke.DirectMethodHandle$Holder.invokeStatic(Ljava/lang/Object;Ljava/lang/Object;Ljava/lang/Object;Ljava/lang/Object;Ljava/lang/Object;Ljava/lang/Object;Ljava/lang/Object;Ljava/lan

Events (10 events):
Event: 31.699 Thread 0x000002c82eb59000 Thread exited: 0x000002c82eb59000
Event: 31.702 Thread 0x000002c82eb55000 Thread added: 0x000002c82eb55000
Event: 31.702 Thread 0x000002c82eb55000 Thread exited: 0x000002c82eb55000
Event: 31.706 Thread 0x000002c82eb57800 Thread added: 0x000002c82eb57800
Event: 31.706 Thread 0x000002c82eb57800 Thread exited: 0x000002c82eb57800
Event: 31.709 Thread 0x000002c82eb5b800 Thread added: 0x000002c82eb5b800
Event: 31.709 Thread 0x000002c82eb5b800 Thread exited: 0x000002c82eb5b800
Event: 31.712 Thread 0x000002c82eb57000 Thread added: 0x000002c82eb57000
Event: 31.712 Thread 0x000002c82eb57000 Thread exited: 0x000002c82eb57000
Event: 31.715 Thread 0x000002c82eb59000 Thread added: 0x000002c82eb59000


Dynamic libraries:
0x00007ff6ebd40000 - 0x00007ff6ebd7e000 	C:\Program Files\Java\jre-10.0.2\bin\javaw.exe
0x00007ffe62bc0000 - 0x00007ffe62da1000 	C:\WINDOWS\SYSTEM32\ntdll.dll
0x00007ffe626b0000 - 0x00007ffe62762000 	C:\WINDOWS\System32\KERNEL32.DLL
0x00007ffe5f460000 - 0x00007ffe5f6d3000 	C:\WINDOWS\System32\KERNELBASE.dll
0x00007ffe625e0000 - 0x00007ffe62681000 	C:\WINDOWS\System32\ADVAPI32.dll
0x00007ffe622f0000 - 0x00007ffe6238e000 	C:\WINDOWS\System32\msvcrt.dll
0x00007ffe61ec0000 - 0x00007ffe61f1b000 	C:\WINDOWS\System32\sechost.dll
0x00007ffe61490000 - 0x00007ffe615b4000 	C:\WINDOWS\System32\RPCRT4.dll
0x00007ffe627d0000 - 0x00007ffe62960000 	C:\WINDOWS\System32\USER32.dll
0x00007ffe5f780000 - 0x00007ffe5f7a0000 	C:\WINDOWS\System32\win32u.dll
0x00007ffe62960000 - 0x00007ffe62988000 	C:\WINDOWS\System32\GDI32.dll
0x00007ffe5feb0000 - 0x00007ffe60042000 	C:\WINDOWS\System32\gdi32full.dll
0x00007ffe5f6e0000 - 0x00007ffe5f77f000 	C:\WINDOWS\System32\msvcp_win.dll
0x00007ffe5efe0000 - 0x00007ffe5f0da000 	C:\WINDOWS\System32\ucrtbase.dll
0x00007ffe51df0000 - 0x00007ffe52059000 	C:\WINDOWS\WinSxS\amd64_microsoft.windows.common-controls_6595b64144ccf1df_6.0.17134.286_none_fb43982d306480cc\COMCTL32.dll
0x00007ffe615c0000 - 0x00007ffe618e3000 	C:\WINDOWS\System32\combase.dll
0x00007ffe5f190000 - 0x00007ffe5f20a000 	C:\WINDOWS\System32\bcryptPrimitives.dll
0x00007ffe51660000 - 0x00007ffe5166a000 	C:\WINDOWS\SYSTEM32\VERSION.dll
0x00007ffe61e90000 - 0x00007ffe61ebd000 	C:\WINDOWS\System32\IMM32.DLL
0x00007ffe59f20000 - 0x00007ffe5a00f000 	C:\Program Files\Java\jre-10.0.2\bin\msvcr120.dll
0x00007ffe5be20000 - 0x00007ffe5bec6000 	C:\Program Files\Java\jre-10.0.2\bin\msvcp120.dll
0x00000000629b0000 - 0x0000000063420000 	C:\Program Files\Java\jre-10.0.2\bin\server\jvm.dll
0x00007ffe62450000 - 0x00007ffe62458000 	C:\WINDOWS\System32\PSAPI.DLL
0x00007ffe5c120000 - 0x00007ffe5c143000 	C:\WINDOWS\SYSTEM32\WINMM.dll
0x00007ffe5c0f0000 - 0x00007ffe5c11a000 	C:\WINDOWS\SYSTEM32\WINMMBASE.dll
0x00007ffe5ef90000 - 0x00007ffe5efd9000 	C:\WINDOWS\System32\cfgmgr32.dll
0x00007ffe5bad0000 - 0x00007ffe5bad9000 	C:\WINDOWS\SYSTEM32\WSOCK32.dll
0x00007ffe61fb0000 - 0x00007ffe6201c000 	C:\WINDOWS\System32\WS2_32.dll
0x00007ffe5bac0000 - 0x00007ffe5bacf000 	C:\Program Files\Java\jre-10.0.2\bin\verify.dll
0x00007ffe4f5e0000 - 0x00007ffe4f7a9000 	C:\WINDOWS\SYSTEM32\DBGHELP.DLL
0x00007ffe4f5b0000 - 0x00007ffe4f5d9000 	C:\WINDOWS\SYSTEM32\dbgcore.DLL
0x00007ffe5ba90000 - 0x00007ffe5bab7000 	C:\Program Files\Java\jre-10.0.2\bin\java.dll
0x00007ffe59f00000 - 0x00007ffe59f16000 	C:\Program Files\Java\jre-10.0.2\bin\zip.dll
0x00007ffe59ef0000 - 0x00007ffe59efa000 	C:\Program Files\Java\jre-10.0.2\bin\jimage.dll
0x00007ffe60050000 - 0x00007ffe61490000 	C:\WINDOWS\System32\SHELL32.dll
0x00007ffe623a0000 - 0x00007ffe62449000 	C:\WINDOWS\System32\shcore.dll
0x00007ffe5f7a0000 - 0x00007ffe5fead000 	C:\WINDOWS\System32\windows.storage.dll
0x00007ffe62770000 - 0x00007ffe627c1000 	C:\WINDOWS\System32\shlwapi.dll
0x00007ffe5ef70000 - 0x00007ffe5ef81000 	C:\WINDOWS\System32\kernel.appcore.dll
0x00007ffe5ef50000 - 0x00007ffe5ef6f000 	C:\WINDOWS\System32\profapi.dll
0x00007ffe5ef00000 - 0x00007ffe5ef4c000 	C:\WINDOWS\System32\powrprof.dll
0x00007ffe5eed0000 - 0x00007ffe5eeda000 	C:\WINDOWS\System32\FLTLIB.DLL
0x00007ffe447d0000 - 0x00007ffe4496b000 	C:\Program Files\Java\jre-10.0.2\bin\awt.dll
0x00007ffe62020000 - 0x00007ffe620e2000 	C:\WINDOWS\System32\OLEAUT32.dll
0x00007ffe5aea0000 - 0x00007ffe5b467000 	C:\WINDOWS\SYSTEM32\d2d1.dll
0x00007ffe5c270000 - 0x00007ffe5c2fb000 	C:\WINDOWS\SYSTEM32\apphelp.dll
0x00007ffe5d640000 - 0x00007ffe5d669000 	C:\WINDOWS\system32\DWMAPI.DLL
0x00007ffe5d360000 - 0x00007ffe5d3f8000 	C:\WINDOWS\system32\uxtheme.dll
0x00007ffe45e80000 - 0x00007ffe45fa0000 	C:\WINDOWS\system32\opengl32.dll
0x00007ffe45e10000 - 0x00007ffe45e3c000 	C:\WINDOWS\SYSTEM32\GLU32.dll
0x00007ffe62460000 - 0x00007ffe625d5000 	C:\WINDOWS\System32\MSCTF.dll
0x00007ffe620f0000 - 0x00007ffe62241000 	C:\WINDOWS\System32\ole32.dll
0x00007ffe51d80000 - 0x00007ffe51de5000 	C:\Program Files\Java\jre-10.0.2\bin\fontmanager.dll
0x00007ffe55720000 - 0x00007ffe557b7000 	C:\WINDOWS\System32\TextInputFramework.dll
0x00007ffe58a40000 - 0x00007ffe58d5e000 	C:\WINDOWS\System32\CoreUIComponents.dll
0x00007ffe5b590000 - 0x00007ffe5b66a000 	C:\WINDOWS\System32\CoreMessaging.dll
0x00007ffe5de10000 - 0x00007ffe5de41000 	C:\WINDOWS\SYSTEM32\ntmarta.dll
0x00007ffe5c720000 - 0x00007ffe5c86d000 	C:\WINDOWS\SYSTEM32\wintypes.dll
0x00007ffe59a00000 - 0x00007ffe59a2b000 	C:\Program Files\Java\jre-10.0.2\bin\javajpeg.dll
0x00007ffe51d00000 - 0x00007ffe51d7e000 	C:\Program Files\Java\jre-10.0.2\bin\mlib_image.dll

dbghelp: loaded successfully - version: 4.0.5 - missing functions: none
symbol engine: initialized successfully - sym options: 0x614 - pdb path: .;C:\Program Files\Java\jre-10.0.2\bin;C:\WINDOWS\SYSTEM32;C:\WINDOWS\WinSxS\amd64_microsoft.windows.common-controls_6595b64144ccf1df_6.0.17134.286_none_fb43982d306480cc;C:\Program Files\Java\jre-10.0.2\bin\server

VM Arguments:
jvm_args: -Dfile.encoding=Cp1252 
java_command: RasterEngine
java_class_path (initial): C:\Users\larmand21\Desktop\Comp Sci\RenderEngine\RenderEngine\bin
Launcher Type: SUN_STANDARD

Logging:
Log output configuration:
#0: stdout all=warning uptime,level,tags
#1: stderr all=off uptime,level,tags

Environment Variables:
PATH=C:\Program Files (x86)\Common Files\Oracle\Java\javapath;C:\Program Files (x86)\Python36-32\Scripts\;C:\Program Files (x86)\Python36-32\;C:\ProgramData\Oracle\Java\javapath;C:\WINDOWS\system32;C:\WINDOWS;C:\WINDOWS\System32\Wbem;C:\WINDOWS\System32\WindowsPowerShell\v1.0\;C:\WINDOWS\System32\OpenSSH\;C:\Users\larmand21\AppData\Local\Microsoft\WindowsApps;
USERNAME=larmand21
OS=Windows_NT
PROCESSOR_IDENTIFIER=Intel64 Family 6 Model 69 Stepping 1, GenuineIntel



---------------  S Y S T E M  ---------------

OS: Windows 10 , 64 bit Build 17134 (10.0.17134.1)

CPU:total 4 (initial active 4) (2 cores per cpu, 2 threads per core) family 6 model 69 stepping 1, cmov, cx8, fxsr, mmx, sse, sse2, sse3, ssse3, sse4.1, sse4.2, popcnt, avx, avx2, aes, clmul, erms, lzcnt, ht, tsc, tscinvbit, bmi1, bmi2, fma

Memory: 4k page, physical 4113896k(1617256k free), swap 4834792k(2329340k free)

vm_info: Java HotSpot(TM) 64-Bit Server VM (10.0.2+13) for windows-amd64 JRE (10.0.2+13), built on Jun 28 2018 01:57:56 by "mach5one" with MS VC++ 12.0 (VS2013)

END.
